<?xml version="1.0" encoding="UTF-8"?>
<testng-results ignored="0" total="1" passed="1" failed="0" skipped="0">
  <reporter-output>
  </reporter-output>
  <suite started-at="2023-09-30T19:19:39 IST" name="Default suite" finished-at="2023-09-30T19:19:39 IST" duration-ms="123">
    <groups>
    </groups>
    <test started-at="2023-09-30T19:19:39 IST" name="Default test" finished-at="2023-09-30T19:19:39 IST" duration-ms="123">
      <class name="maven.JKNSTest">
        <test-method signature="jKNSTest()[pri:0, instance:maven.JKNSTest@51c668e3]" started-at="2023-09-30T19:19:39 IST" name="jKNSTest" finished-at="2023-09-30T19:19:39 IST" duration-ms="11" status="PASS">
          <reporter-output>
          </reporter-output>
        </test-method> <!-- jKNSTest -->
      </class> <!-- maven.JKNSTest -->
    </test> <!-- Default test -->
  </suite> <!-- Default suite -->
</testng-results>
